<?xml version="1.0" encoding="UTF-8"?>
<!-- Generated by org.testng.reporters.JUnitXMLReporter -->
<testsuite ignored="0" hostname="DESKTOP-1B0JSGH" failures="0" tests="4" name="Default test" time="10.568" errors="0" timestamp="2024-06-08T13:45:04 IST">
  <testcase classname="api.test.UserTestCases2" name="testPostUser" time="3.758"/>
  <testcase classname="api.test.UserTestCases2" name="testGetUserByName" time="1.649"/>
  <testcase classname="api.test.UserTestCases2" name="testPutUserByName" time="3.09"/>
  <testcase classname="api.test.UserTestCases2" name="testDeleteUserByName" time="1.614"/>
</testsuite> <!-- Default test -->
