<?xml version="1.0" encoding="UTF-8"?>
<testsuite xmlns:xsi="http://www.w3.org/2001/XMLSchema-instance" xsi:noNamespaceSchemaLocation="https://maven.apache.org/surefire/maven-surefire-plugin/xsd/surefire-test-report-3.0.xsd" version="3.0" name="TestSuite" time="9.826" tests="4" errors="0" skipped="0" failures="0">
  <properties>
[...]
</properties>
  <testcase name="testPostUser" classname="api.test.UserTestCases2" time="2.831">
    <system-out><![CDATA[2024-06-08T10:02:14.223900700Z main DEBUG Apache Log4j Core 2.23 initializing configuration org.apache.logging.log4j.core.config.properties.PropertiesConfiguration@126f8f24
2024-06-08T10:02:14.226912800Z main DEBUG PluginManager 'Core' found 131 plugins
2024-06-08T10:02:14.226912800Z main DEBUG PluginManager 'Level' found 0 plugins
2024-06-08T10:02:14.230286100Z main DEBUG PluginManager 'Lookup' found 16 plugins
2024-06-08T10:02:14.232296200Z main DEBUG Building Plugin[name=AppenderRef, class=org.apache.logging.log4j.core.config.AppenderRef].
2024-06-08T10:02:14.246609900Z main DEBUG PluginManager 'TypeConverter' found 26 plugins
2024-06-08T10:02:14.252748100Z main DEBUG createAppenderRef(ref="Console", level="null", Filter=null)
2024-06-08T10:02:14.253668200Z main DEBUG Building Plugin[name=AppenderRef, class=org.apache.logging.log4j.core.config.AppenderRef].
2024-06-08T10:02:14.253866800Z main DEBUG createAppenderRef(ref="File", level="null", Filter=null)
2024-06-08T10:02:14.253866800Z main DEBUG Building Plugin[name=root, class=org.apache.logging.log4j.core.config.LoggerConfig$RootLogger].
2024-06-08T10:02:14.260654300Z main DEBUG LoggerConfig$RootLogger$Builder(additivity="null", level="DEBUG", levelAndRefs="null", includeLocation="null", ={Console, File}, ={}, Configuration, Filter=null)
2024-06-08T10:02:14.263327900Z main DEBUG Building Plugin[name=loggers, class=org.apache.logging.log4j.core.config.LoggersPlugin].
2024-06-08T10:02:14.264360300Z main DEBUG createLoggers(={root})
2024-06-08T10:02:14.265356300Z main DEBUG Building Plugin[name=layout, class=org.apache.logging.log4j.core.layout.PatternLayout].
2024-06-08T10:02:14.266046700Z main DEBUG PatternLayout$Builder(pattern="%d{HH:mm:ss.SSS} [%t] %-5level %logger{36} - %msg%n", PatternSelector=null, Configuration, Replace=null, charset="null", alwaysWriteExceptions="null", disableAnsi="null", noConsoleNoAnsi="null", header="null", footer="null")
2024-06-08T10:02:14.266046700Z main DEBUG PluginManager 'Converter' found 45 plugins
2024-06-08T10:02:14.267133Z main DEBUG Building Plugin[name=SizeBasedTriggeringPolicy, class=org.apache.logging.log4j.core.appender.rolling.SizeBasedTriggeringPolicy].
2024-06-08T10:02:14.270143600Z main DEBUG createPolicy(size="50MB")
2024-06-08T10:02:14.271757800Z main DEBUG Building Plugin[name=Policies, class=org.apache.logging.log4j.core.appender.rolling.CompositeTriggeringPolicy].
2024-06-08T10:02:14.271757800Z main DEBUG createPolicy(={SizeBasedTriggeringPolicy(size=52428800)})
2024-06-08T10:02:14.271757800Z main DEBUG Building Plugin[name=appender, class=org.apache.logging.log4j.core.appender.RollingFileAppender].
2024-06-08T10:02:14.278762900Z main DEBUG RollingFileAppender$Builder(fileName="./Logs/RestAPI.log", filePattern="./Logs/automation-%d{yyyy-MM-dd}.log", append="null", locking="null", Policies(CompositeTriggeringPolicy(policies=[SizeBasedTriggeringPolicy(size=52428800)])), Strategy=null, advertise="null", advertiseUri="null", createOnDemand="null", filePermissions="null", fileOwner="null", fileGroup="null", bufferedIo="null", bufferSize="null", immediateFlush="null", ignoreExceptions="null", PatternLayout(%d{HH:mm:ss.SSS} [%t] %-5level %logger{36} - %msg%n), name="File", Configuration, Filter=null, ={})
2024-06-08T10:02:14.292640800Z main DEBUG Returning file creation time for D:\DummyProj\PetStoreAutomation\.\Logs\RestAPI.log
2024-06-08T10:02:14.292640800Z main DEBUG Starting RollingFileManager ./Logs/RestAPI.log
2024-06-08T10:02:14.293546900Z main DEBUG PluginManager 'FileConverter' found 2 plugins
2024-06-08T10:02:14.302367900Z main DEBUG Setting prev file time to 2024-06-08T13:51:55.497+0530
2024-06-08T10:02:14.302367900Z main DEBUG Initializing triggering policy CompositeTriggeringPolicy(policies=[SizeBasedTriggeringPolicy(size=52428800)])
2024-06-08T10:02:14.302367900Z main DEBUG Initializing triggering policy SizeBasedTriggeringPolicy(size=52428800)
2024-06-08T10:02:14.302367900Z main DEBUG Building Plugin[name=layout, class=org.apache.logging.log4j.core.layout.PatternLayout].
2024-06-08T10:02:14.303531300Z main DEBUG PatternLayout$Builder(pattern="%d{HH:mm:ss.SSS} [%t] %-5level %logger{36} - %msg%n", PatternSelector=null, Configuration, Replace=null, charset="null", alwaysWriteExceptions="null", disableAnsi="null", noConsoleNoAnsi="null", header="null", footer="null")
2024-06-08T10:02:14.303531300Z main DEBUG Building Plugin[name=appender, class=org.apache.logging.log4j.core.appender.ConsoleAppender].
2024-06-08T10:02:14.305639100Z main DEBUG ConsoleAppender$Builder(target="SYSTEM_OUT", follow="null", direct="null", bufferedIo="null", bufferSize="null", immediateFlush="null", ignoreExceptions="null", PatternLayout(%d{HH:mm:ss.SSS} [%t] %-5level %logger{36} - %msg%n), name="Console", Configuration, Filter=null, ={})
2024-06-08T10:02:14.307533300Z main DEBUG Starting OutputStreamManager SYSTEM_OUT.false.false
2024-06-08T10:02:14.307533300Z main DEBUG Building Plugin[name=appenders, class=org.apache.logging.log4j.core.config.AppendersPlugin].
2024-06-08T10:02:14.307533300Z main DEBUG createAppenders(={File, Console})
2024-06-08T10:02:14.307533300Z main DEBUG Configuration org.apache.logging.log4j.core.config.properties.PropertiesConfiguration@126f8f24 initialized
2024-06-08T10:02:14.308619100Z main DEBUG Starting configuration org.apache.logging.log4j.core.config.properties.PropertiesConfiguration@126f8f24
2024-06-08T10:02:14.308619100Z main DEBUG Log4j2 ConfigurationScheduler starting 1 threads
2024-06-08T10:02:14.308619100Z main DEBUG Started configuration org.apache.logging.log4j.core.config.properties.PropertiesConfiguration@126f8f24 OK.
2024-06-08T10:02:14.308619100Z main DEBUG Shutting down OutputStreamManager SYSTEM_OUT.false.false-1
2024-06-08T10:02:14.308619100Z main DEBUG OutputStream closed
2024-06-08T10:02:14.310226500Z main DEBUG Shut down OutputStreamManager SYSTEM_OUT.false.false-1, all resources released: true
2024-06-08T10:02:14.310226500Z main DEBUG Appender DefaultConsole-1 stopped with status true
2024-06-08T10:02:14.310226500Z main DEBUG Stopped org.apache.logging.log4j.core.config.DefaultConfiguration@4ea17147 OK
2024-06-08T10:02:14.366714900Z main DEBUG Registering MBean org.apache.logging.log4j2:type=2cdf8d8a
2024-06-08T10:02:14.368940200Z main DEBUG Registering MBean org.apache.logging.log4j2:type=2cdf8d8a,component=StatusLogger
2024-06-08T10:02:14.370517400Z main DEBUG Registering MBean org.apache.logging.log4j2:type=2cdf8d8a,component=ContextSelector
2024-06-08T10:02:14.371451600Z main DEBUG Registering MBean org.apache.logging.log4j2:type=2cdf8d8a,component=Loggers,name=
2024-06-08T10:02:14.372457200Z main DEBUG Registering MBean org.apache.logging.log4j2:type=2cdf8d8a,component=Appenders,name=Console
2024-06-08T10:02:14.372457200Z main DEBUG Registering MBean org.apache.logging.log4j2:type=2cdf8d8a,component=Appenders,name=File
2024-06-08T10:02:14.374456700Z main DEBUG org.apache.logging.log4j.core.util.SystemClock supports precise timestamps.
2024-06-08T10:02:14.374456700Z main DEBUG Reconfiguration complete for context[name=2cdf8d8a] at URI D:\DummyProj\PetStoreAutomation\target\test-classes\Log4j2.properties (org.apache.logging.log4j.core.LoggerContext@4aaecabd) with optional ClassLoader: null
2024-06-08T10:02:14.374456700Z main DEBUG Shutdown hook enabled. Registering a new one.
2024-06-08T10:02:14.375455700Z main DEBUG LoggerContext[name=2cdf8d8a, org.apache.logging.log4j.core.LoggerContext@4aaecabd] started OK.
15:32:14.393 [main] INFO  api.test.UserTestCases2 - 
Creating user

HTTP/1.1 200 OK
Date: Sat, 08 Jun 2024 10:02:15 GMT
Content-Type: application/json
Transfer-Encoding: chunked
Connection: keep-alive
Access-Control-Allow-Origin: *
Access-Control-Allow-Methods: GET, POST, DELETE, PUT
Access-Control-Allow-Headers: Content-Type, api_key, Authorization
Server: Jetty(9.2.9.v20150224)

{
    "code": 200,
    "type": "unknown",
    "message": "756936249"
}
15:32:17.210 [main] INFO  api.test.UserTestCases2 - 
Created user

]]></system-out>
    <system-err><![CDATA[SLF4J: Failed to load class "org.slf4j.impl.StaticLoggerBinder".
SLF4J: Defaulting to no-operation (NOP) logger implementation
SLF4J: See http://www.slf4j.org/codes.html#StaticLoggerBinder for further details.
]]></system-err>
  </testcase>
  <testcase name="testGetUserByName" classname="api.test.UserTestCases2" time="1.353">
    <system-out><![CDATA[
User is fetched

HTTP/1.1 200 OK
Date: Sat, 08 Jun 2024 10:02:16 GMT
Content-Type: application/json
Transfer-Encoding: chunked
Connection: keep-alive
Access-Control-Allow-Origin: *
Access-Control-Allow-Methods: GET, POST, DELETE, PUT
Access-Control-Allow-Headers: Content-Type, api_key, Authorization
Server: Jetty(9.2.9.v20150224)

{
    "id": 756936249,
    "username": "donetta.zboncak",
    "firstName": "Ali",
    "lastName": "Swift",
    "email": "alonso.hessel@gmail.com",
    "password": "w58x0y496nlh8bk",
    "phone": "283-650-0610",
    "userStatus": 0
}
]]></system-out>
  </testcase>
  <testcase name="testPutUserByName" classname="api.test.UserTestCases2" time="2.612">
    <system-out><![CDATA[
User is updated

HTTP/1.1 200 OK
Date: Sat, 08 Jun 2024 10:02:18 GMT
Content-Type: application/json
Transfer-Encoding: chunked
Connection: keep-alive
Access-Control-Allow-Origin: *
Access-Control-Allow-Methods: GET, POST, DELETE, PUT
Access-Control-Allow-Headers: Content-Type, api_key, Authorization
Server: Jetty(9.2.9.v20150224)

{
    "code": 200,
    "type": "unknown",
    "message": "756936249"
}
{
    "code": 200,
    "type": "unknown",
    "message": "756936249"
}
{
    "id": 756936249,
    "username": "donetta.zboncak",
    "firstName": "Raymond",
    "lastName": "Wuckert",
    "email": "karlene.damore@gmail.com",
    "password": "w58x0y496nlh8bk",
    "phone": "283-650-0610",
    "userStatus": 0
}
]]></system-out>
  </testcase>
  <testcase name="testDeleteUserByName" classname="api.test.UserTestCases2" time="1.336">
    <system-out><![CDATA[
 User is deleted

{
    "code": 200,
    "type": "unknown",
    "message": "donetta.zboncak"
}
HTTP/1.1 200 OK
Date: Sat, 08 Jun 2024 10:02:20 GMT
Content-Type: application/json
Transfer-Encoding: chunked
Connection: keep-alive
Access-Control-Allow-Origin: *
Access-Control-Allow-Methods: GET, POST, DELETE, PUT
Access-Control-Allow-Headers: Content-Type, api_key, Authorization
Server: Jetty(9.2.9.v20150224)

{
    "code": 200,
    "type": "unknown",
    "message": "donetta.zboncak"
}
]]></system-out>
  </testcase>
</testsuite>