<?xml version="1.0" encoding="UTF-8"?>
<testng-results ignored="0" total="4" passed="4" failed="0" skipped="0">
  <reporter-output>
  </reporter-output>
  <suite started-at="2024-06-08T15:32:13 IST" name="Suite" finished-at="2024-06-08T15:32:22 IST" duration-ms="9017">
    <groups>
    </groups>
    <test started-at="2024-06-08T15:32:13 IST" name="Test" finished-at="2024-06-08T15:32:22 IST" duration-ms="9017">
      <class name="api.test.UserTestCases2">
        <test-method is-config="true" signature="setUpUserData()[pri:0, instance:api.test.UserTestCases2@4145bad8]" started-at="2024-06-08T15:32:13 IST" name="setUpUserData" finished-at="2024-06-08T15:32:14 IST" duration-ms="679" status="PASS">
          <reporter-output>
          </reporter-output>
        </test-method> <!-- setUpUserData -->
        <test-method signature="testPostUser()[pri:1, instance:api.test.UserTestCases2@4145bad8]" started-at="2024-06-08T15:32:14 IST" name="testPostUser" finished-at="2024-06-08T15:32:17 IST" duration-ms="2825" status="PASS">
          <reporter-output>
          </reporter-output>
        </test-method> <!-- testPostUser -->
        <test-method signature="testGetUserByName()[pri:2, instance:api.test.UserTestCases2@4145bad8]" started-at="2024-06-08T15:32:17 IST" name="testGetUserByName" finished-at="2024-06-08T15:32:18 IST" duration-ms="1355" status="PASS">
          <reporter-output>
          </reporter-output>
        </test-method> <!-- testGetUserByName -->
        <test-method signature="testPutUserByName()[pri:3, instance:api.test.UserTestCases2@4145bad8]" started-at="2024-06-08T15:32:18 IST" name="testPutUserByName" finished-at="2024-06-08T15:32:21 IST" duration-ms="2611" status="PASS">
          <reporter-output>
          </reporter-output>
        </test-method> <!-- testPutUserByName -->
        <test-method signature="testDeleteUserByName()[pri:4, instance:api.test.UserTestCases2@4145bad8]" started-at="2024-06-08T15:32:21 IST" name="testDeleteUserByName" finished-at="2024-06-08T15:32:22 IST" duration-ms="1334" status="PASS">
          <reporter-output>
          </reporter-output>
        </test-method> <!-- testDeleteUserByName -->
      </class> <!-- api.test.UserTestCases2 -->
    </test> <!-- Test -->
  </suite> <!-- Suite -->
</testng-results>
